[16:57:16:748] [INFO] - com.wysoft.https_auth.shiro.ShiroConfig.authRealm(ShiroConfig.java:30) - ====ShiroRealm注册完成=====
[16:57:20:965] [INFO] - com.wysoft.https_auth.shiro.ShiroConfig.securityManager(ShiroConfig.java:44) - ====securityManager注册完成====
[16:57:21:007] [INFO] - com.wysoft.https_auth.shiro.ShiroConfig.shiroFilter(ShiroConfig.java:124) - ====shiroFilterFactoryBean注册完成====
[16:57:22:270] [INFO] - com.wysoft.https_base.configuration.ZookeeperConfig.zkClient(ZookeeperConfig.java:37) - 【初始化ZooKeeper连接状态....】=CONNECTED
[16:57:24:494] [INFO] - com.wysoft.https_base.listener.ApplicationListenerPostProcessor.onContextRefreshedEvent(ApplicationListenerPostProcessor.java:52) - 容器加载完成，执行后处理方法...
[16:57:24:508] [INFO] - com.wysoft.https_base.annotation.RemoteServiceAnnotationProcessor.registerService(RemoteServiceAnnotationProcessor.java:131) - 注册分布式服务:[aiService]
[16:57:24:524] [INFO] - com.wysoft.https_base.annotation.RemoteServiceAnnotationProcessor.registerService(RemoteServiceAnnotationProcessor.java:153) - 已创建服务节点[/remoteServices/aiService/speechSynthesis:https://139.155.88.126:8443/httpServiceEntry]
[16:57:24:525] [INFO] - com.wysoft.https_base.annotation.RemoteServiceAnnotationProcessor.registerService(RemoteServiceAnnotationProcessor.java:131) - 注册分布式服务:[erpService]
[16:57:24:529] [INFO] - com.wysoft.https_base.annotation.RemoteServiceAnnotationProcessor.registerService(RemoteServiceAnnotationProcessor.java:153) - 已创建服务节点[/remoteServices/erpService/placeOrder:https://139.155.88.126:8443/httpServiceEntry]
[16:57:24:530] [INFO] - com.wysoft.https_base.annotation.RemoteServiceAnnotationProcessor.registerService(RemoteServiceAnnotationProcessor.java:131) - 注册分布式服务:[userAuth]
[16:57:24:535] [INFO] - com.wysoft.https_base.annotation.RemoteServiceAnnotationProcessor.registerService(RemoteServiceAnnotationProcessor.java:153) - 已创建服务节点[/remoteServices/userAuth/register:https://139.155.88.126:8443/httpServiceEntry]
[16:57:24:538] [INFO] - com.wysoft.https_base.annotation.RemoteServiceAnnotationProcessor.registerService(RemoteServiceAnnotationProcessor.java:153) - 已创建服务节点[/remoteServices/userAuth/doAction:https://139.155.88.126:8443/httpServiceEntry]
[16:57:24:541] [INFO] - com.wysoft.https_base.annotation.RemoteServiceAnnotationProcessor.registerService(RemoteServiceAnnotationProcessor.java:153) - 已创建服务节点[/remoteServices/userAuth/setAuthLogin:https://139.155.88.126:8443/httpServiceEntry]
[16:57:24:543] [INFO] - com.wysoft.https_base.annotation.RemoteServiceAnnotationProcessor.registerService(RemoteServiceAnnotationProcessor.java:153) - 已创建服务节点[/remoteServices/userAuth/shiroLogin:https://139.155.88.126:8443/httpServiceEntry]
[16:57:24:573] [INFO] - com.wysoft.https_base.annotation.RemoteServiceAnnotationProcessor.registerService(RemoteServiceAnnotationProcessor.java:131) - 注册分布式服务:[base]
[16:57:24:577] [INFO] - com.wysoft.https_base.annotation.RemoteServiceAnnotationProcessor.registerService(RemoteServiceAnnotationProcessor.java:153) - 已创建服务节点[/remoteServices/base/help:https://139.155.88.126:8443/httpServiceEntry]
[16:57:24:580] [INFO] - com.wysoft.https_base.annotation.RemoteServiceAnnotationProcessor.registerService(RemoteServiceAnnotationProcessor.java:153) - 已创建服务节点[/remoteServices/base/test:https://139.155.88.126:8443/httpServiceEntry]
[16:57:24:582] [INFO] - com.wysoft.https_base.annotation.RemoteServiceAnnotationProcessor.registerService(RemoteServiceAnnotationProcessor.java:153) - 已创建服务节点[/remoteServices/base/doAction:https://139.155.88.126:8443/httpServiceEntry]
[16:57:24:656] [INFO] - com.wysoft.https_base.listener.ApplicationListenerPostProcessor.onApplicationEvent(ApplicationListenerPostProcessor.java:40) - ApplicationStartedEvent 事件已发生！
[16:57:24:658] [INFO] - com.wysoft.https_base.listener.ApplicationListenerPostProcessor.onApplicationEvent(ApplicationListenerPostProcessor.java:42) - ApplicationReadyEvent 事件已发生！
[16:59:06:390] [INFO] - com.wysoft.https_auth.controller.PageController.httpAuth(PageController.java:125) - [21d08f50-6a9e-4a57-841a-ec7b7fe1ac00]请求：{    "username":"wuy",    "password":123,	"topic": "test",	"message": {		"serviceId": "erpService",		"action": "placeOrder",		"data": {			"userId": 2,			"items": [{					"productId": "111",					"itemCount": 1				},				{					"productId": "222",					"itemCount": 1				}			],			"total": 6000,			"addrId": "11"		}	}}
[16:59:06:982] [INFO] - com.wysoft.https_auth.controller.PageController.httpAuth(PageController.java:170) - 服务耗时：596 ms.
[16:59:06:983] [INFO] - com.wysoft.https_auth.controller.PageController.httpAuth(PageController.java:185) - [21d08f50-6a9e-4a57-841a-ec7b7fe1ac00]响应：{"code":200,"msg":"调用成功！","data":{"token":"3c816da8-65a6-4350-b5db-285a5d7e3bf6","user":{"gender":"","organizecode":"","password":"202cb962ac59075b964b07152d234b70","personname":"","roles":[],"status":"0","userid":2,"username":"wuy"}},"time":"596 ms"}
[16:59:38:180] [INFO] - com.wysoft.https_base.controller.HttpsController.messageServiceEntry(HttpsController.java:203) - RECV MSG: [ea86fe60-362f-476f-88ba-069770da9c13]{	"topic": "test",	"message": {		"times":1,		"serviceId": "erpService",		"action": "placeOrder",		"data": {			"userId": 2,			"items": [{					"productId": "111",					"itemCount": 1				},				{					"productId": "222",					"itemCount": 1				}			],			"total": 6000,			"addrId": "11"		}	}}
[16:59:38:269] [INFO] - com.wysoft.https_base.controller.HttpsController.messageServiceEntry(HttpsController.java:265) - 服务耗时：88 ms.
[16:59:38:269] [INFO] - com.wysoft.https_base.controller.HttpsController.messageServiceEntry(HttpsController.java:280) - REPLY: [ea86fe60-362f-476f-88ba-069770da9c13]{"code":200,"msg":"调用成功！","time":"88 ms"}
[16:59:38:277] [INFO] - com.wysoft.https_base.kafka.MessageProcessor.doMessage(MessageProcessor.java:29) - 接收消息:{"times":1,"serviceId":"erpService","action":"placeOrder","data":{"userId":2,"items":[{"productId":"111","itemCount":1},{"productId":"222","itemCount":1}],"total":6000,"addrId":"11"}}
[16:59:38:278] [INFO] - com.wysoft.https_base.service.HttpService.service(HttpService.java:44) - 请求IP：
[16:59:41:171] [INFO] - com.wysoft.https_base.controller.HttpsController.messageServiceEntry(HttpsController.java:203) - RECV MSG: [c594c03b-12ad-4801-b60f-5c2a83036d04]{	"topic": "test",	"message": {		"times":2,		"serviceId": "erpService",		"action": "placeOrder",		"data": {			"userId": 2,			"items": [{					"productId": "111",					"itemCount": 1				},				{					"productId": "222",					"itemCount": 1				}			],			"total": 6000,			"addrId": "11"		}	}}
[16:59:41:176] [INFO] - com.wysoft.https_base.controller.HttpsController.messageServiceEntry(HttpsController.java:265) - 服务耗时：5 ms.
[16:59:41:177] [INFO] - com.wysoft.https_base.controller.HttpsController.messageServiceEntry(HttpsController.java:280) - REPLY: [c594c03b-12ad-4801-b60f-5c2a83036d04]{"code":200,"msg":"调用成功！","time":"5 ms"}
[16:59:42:405] [INFO] - com.wysoft.https_base.kafka.MessageProcessor.doMessage(MessageProcessor.java:29) - 接收消息:{"times":2,"serviceId":"erpService","action":"placeOrder","data":{"userId":2,"items":[{"productId":"111","itemCount":1},{"productId":"222","itemCount":1}],"total":6000,"addrId":"11"}}
[16:59:42:407] [INFO] - com.wysoft.https_base.service.HttpService.service(HttpService.java:44) - 请求IP：
[16:59:44:172] [INFO] - com.wysoft.https_base.controller.HttpsController.messageServiceEntry(HttpsController.java:203) - RECV MSG: [0ec42890-e7c0-4668-9993-367cffb85ecf]{	"topic": "test",	"message": {		"times":3,		"serviceId": "erpService",		"action": "placeOrder",		"data": {			"userId": 2,			"items": [{					"productId": "111",					"itemCount": 1				},				{					"productId": "222",					"itemCount": 1				}			],			"total": 6000,			"addrId": "11"		}	}}
[16:59:44:181] [INFO] - com.wysoft.https_base.controller.HttpsController.messageServiceEntry(HttpsController.java:265) - 服务耗时：9 ms.
[16:59:44:182] [INFO] - com.wysoft.https_base.controller.HttpsController.messageServiceEntry(HttpsController.java:280) - REPLY: [0ec42890-e7c0-4668-9993-367cffb85ecf]{"code":200,"msg":"调用成功！","time":"9 ms"}
[16:59:46:499] [INFO] - com.wysoft.https_base.kafka.MessageProcessor.doMessage(MessageProcessor.java:29) - 接收消息:{"times":3,"serviceId":"erpService","action":"placeOrder","data":{"userId":2,"items":[{"productId":"111","itemCount":1},{"productId":"222","itemCount":1}],"total":6000,"addrId":"11"}}
[16:59:46:501] [INFO] - com.wysoft.https_base.service.HttpService.service(HttpService.java:44) - 请求IP：
[16:59:47:182] [INFO] - com.wysoft.https_base.controller.HttpsController.messageServiceEntry(HttpsController.java:203) - RECV MSG: [66df8478-556b-4e3c-927b-f804df0a5806]{	"topic": "test",	"message": {		"times":4,		"serviceId": "erpService",		"action": "placeOrder",		"data": {			"userId": 2,			"items": [{					"productId": "111",					"itemCount": 1				},				{					"productId": "222",					"itemCount": 1				}			],			"total": 6000,			"addrId": "11"		}	}}
[16:59:47:188] [INFO] - com.wysoft.https_base.controller.HttpsController.messageServiceEntry(HttpsController.java:265) - 服务耗时：7 ms.
[16:59:47:190] [INFO] - com.wysoft.https_base.controller.HttpsController.messageServiceEntry(HttpsController.java:280) - REPLY: [66df8478-556b-4e3c-927b-f804df0a5806]{"code":200,"msg":"调用成功！","time":"7 ms"}
[16:59:50:175] [INFO] - com.wysoft.https_base.controller.HttpsController.messageServiceEntry(HttpsController.java:203) - RECV MSG: [2d26db0f-f86f-4959-ac5a-391894c91fc2]{	"topic": "test",	"message": {		"times":5,		"serviceId": "erpService",		"action": "placeOrder",		"data": {			"userId": 2,			"items": [{					"productId": "111",					"itemCount": 1				},				{					"productId": "222",					"itemCount": 1				}			],			"total": 6000,			"addrId": "11"		}	}}
[16:59:50:179] [INFO] - com.wysoft.https_base.controller.HttpsController.messageServiceEntry(HttpsController.java:265) - 服务耗时：4 ms.
[16:59:50:180] [INFO] - com.wysoft.https_base.controller.HttpsController.messageServiceEntry(HttpsController.java:280) - REPLY: [2d26db0f-f86f-4959-ac5a-391894c91fc2]{"code":200,"msg":"调用成功！","time":"4 ms"}
[16:59:50:694] [INFO] - com.wysoft.https_base.kafka.MessageProcessor.doMessage(MessageProcessor.java:29) - 接收消息:{"times":4,"serviceId":"erpService","action":"placeOrder","data":{"userId":2,"items":[{"productId":"111","itemCount":1},{"productId":"222","itemCount":1}],"total":6000,"addrId":"11"}}
[16:59:50:695] [INFO] - com.wysoft.https_base.service.HttpService.service(HttpService.java:44) - 请求IP：
[16:59:53:171] [INFO] - com.wysoft.https_base.controller.HttpsController.messageServiceEntry(HttpsController.java:203) - RECV MSG: [cf0e4f00-7016-4103-9b79-551b209e635d]{	"topic": "test",	"message": {		"times":6,		"serviceId": "erpService",		"action": "placeOrder",		"data": {			"userId": 2,			"items": [{					"productId": "111",					"itemCount": 1				},				{					"productId": "222",					"itemCount": 1				}			],			"total": 6000,			"addrId": "11"		}	}}
[16:59:53:174] [INFO] - com.wysoft.https_base.controller.HttpsController.messageServiceEntry(HttpsController.java:265) - 服务耗时：3 ms.
[16:59:53:175] [INFO] - com.wysoft.https_base.controller.HttpsController.messageServiceEntry(HttpsController.java:280) - REPLY: [cf0e4f00-7016-4103-9b79-551b209e635d]{"code":200,"msg":"调用成功！","time":"3 ms"}
[16:59:54:481] [INFO] - com.wysoft.https_base.kafka.MessageProcessor.doMessage(MessageProcessor.java:29) - 接收消息:{"times":5,"serviceId":"erpService","action":"placeOrder","data":{"userId":2,"items":[{"productId":"111","itemCount":1},{"productId":"222","itemCount":1}],"total":6000,"addrId":"11"}}
[16:59:54:482] [INFO] - com.wysoft.https_base.service.HttpService.service(HttpService.java:44) - 请求IP：
[16:59:56:182] [INFO] - com.wysoft.https_base.controller.HttpsController.messageServiceEntry(HttpsController.java:203) - RECV MSG: [5e2a8ec8-2202-4206-a1f3-e66b848fd236]{	"topic": "test",	"message": {		"times":7,		"serviceId": "erpService",		"action": "placeOrder",		"data": {			"userId": 2,			"items": [{					"productId": "111",					"itemCount": 1				},				{					"productId": "222",					"itemCount": 1				}			],			"total": 6000,			"addrId": "11"		}	}}
[16:59:56:194] [INFO] - com.wysoft.https_base.controller.HttpsController.messageServiceEntry(HttpsController.java:265) - 服务耗时：13 ms.
[16:59:56:197] [INFO] - com.wysoft.https_base.controller.HttpsController.messageServiceEntry(HttpsController.java:280) - REPLY: [5e2a8ec8-2202-4206-a1f3-e66b848fd236]{"code":200,"msg":"调用成功！","time":"13 ms"}
[16:59:58:785] [INFO] - com.wysoft.https_base.kafka.MessageProcessor.doMessage(MessageProcessor.java:29) - 接收消息:{"times":6,"serviceId":"erpService","action":"placeOrder","data":{"userId":2,"items":[{"productId":"111","itemCount":1},{"productId":"222","itemCount":1}],"total":6000,"addrId":"11"}}
[16:59:58:785] [INFO] - com.wysoft.https_base.service.HttpService.service(HttpService.java:44) - 请求IP：
[16:59:59:179] [INFO] - com.wysoft.https_base.controller.HttpsController.messageServiceEntry(HttpsController.java:203) - RECV MSG: [416c7461-d89e-4dac-888e-13ea1d402ffe]{	"topic": "test",	"message": {		"times":8,		"serviceId": "erpService",		"action": "placeOrder",		"data": {			"userId": 2,			"items": [{					"productId": "111",					"itemCount": 1				},				{					"productId": "222",					"itemCount": 1				}			],			"total": 6000,			"addrId": "11"		}	}}
[16:59:59:197] [INFO] - com.wysoft.https_base.controller.HttpsController.messageServiceEntry(HttpsController.java:265) - 服务耗时：19 ms.
[16:59:59:199] [INFO] - com.wysoft.https_base.controller.HttpsController.messageServiceEntry(HttpsController.java:280) - REPLY: [416c7461-d89e-4dac-888e-13ea1d402ffe]{"code":200,"msg":"调用成功！","time":"19 ms"}
[17:00:02:171] [INFO] - com.wysoft.https_base.controller.HttpsController.messageServiceEntry(HttpsController.java:203) - RECV MSG: [0e1977ea-02c4-47ed-ab44-83b3ad68573b]{	"topic": "test",	"message": {		"times":9,		"serviceId": "erpService",		"action": "placeOrder",		"data": {			"userId": 2,			"items": [{					"productId": "111",					"itemCount": 1				},				{					"productId": "222",					"itemCount": 1				}			],			"total": 6000,			"addrId": "11"		}	}}
[17:00:02:175] [INFO] - com.wysoft.https_base.controller.HttpsController.messageServiceEntry(HttpsController.java:265) - 服务耗时：4 ms.
[17:00:02:176] [INFO] - com.wysoft.https_base.controller.HttpsController.messageServiceEntry(HttpsController.java:280) - REPLY: [0e1977ea-02c4-47ed-ab44-83b3ad68573b]{"code":200,"msg":"调用成功！","time":"4 ms"}
[17:00:02:468] [INFO] - com.wysoft.https_base.kafka.MessageProcessor.doMessage(MessageProcessor.java:29) - 接收消息:{"times":7,"serviceId":"erpService","action":"placeOrder","data":{"userId":2,"items":[{"productId":"111","itemCount":1},{"productId":"222","itemCount":1}],"total":6000,"addrId":"11"}}
[17:00:02:469] [INFO] - com.wysoft.https_base.service.HttpService.service(HttpService.java:44) - 请求IP：
[17:00:05:175] [INFO] - com.wysoft.https_base.controller.HttpsController.messageServiceEntry(HttpsController.java:203) - RECV MSG: [d8d82b90-a1db-40e5-9352-a2df851ee3e4]{	"topic": "test",	"message": {		"times":10,		"serviceId": "erpService",		"action": "placeOrder",		"data": {			"userId": 2,			"items": [{					"productId": "111",					"itemCount": 1				},				{					"productId": "222",					"itemCount": 1				}			],			"total": 6000,			"addrId": "11"		}	}}
[17:00:05:182] [INFO] - com.wysoft.https_base.controller.HttpsController.messageServiceEntry(HttpsController.java:265) - 服务耗时：6 ms.
[17:00:05:183] [INFO] - com.wysoft.https_base.controller.HttpsController.messageServiceEntry(HttpsController.java:280) - REPLY: [d8d82b90-a1db-40e5-9352-a2df851ee3e4]{"code":200,"msg":"调用成功！","time":"6 ms"}
[17:00:06:053] [INFO] - com.wysoft.https_base.kafka.MessageProcessor.doMessage(MessageProcessor.java:29) - 接收消息:{"times":8,"serviceId":"erpService","action":"placeOrder","data":{"userId":2,"items":[{"productId":"111","itemCount":1},{"productId":"222","itemCount":1}],"total":6000,"addrId":"11"}}
[17:00:06:054] [INFO] - com.wysoft.https_base.service.HttpService.service(HttpService.java:44) - 请求IP：
[17:00:08:049] [INFO] - com.wysoft.https_base.kafka.MessageProcessor.doMessage(MessageProcessor.java:29) - 接收消息:{"times":9,"serviceId":"erpService","action":"placeOrder","data":{"userId":2,"items":[{"productId":"111","itemCount":1},{"productId":"222","itemCount":1}],"total":6000,"addrId":"11"}}
[17:00:08:050] [INFO] - com.wysoft.https_base.service.HttpService.service(HttpService.java:44) - 请求IP：
[17:00:08:940] [INFO] - com.wysoft.https_base.kafka.MessageProcessor.doMessage(MessageProcessor.java:29) - 接收消息:{"times":10,"serviceId":"erpService","action":"placeOrder","data":{"userId":2,"items":[{"productId":"111","itemCount":1},{"productId":"222","itemCount":1}],"total":6000,"addrId":"11"}}
[17:00:08:940] [INFO] - com.wysoft.https_base.service.HttpService.service(HttpService.java:44) - 请求IP：
